生成启动时间为 2018/5/8 13:51:43。
     1>项目“F:\比特科技\seqstack1\seqstack1\seqstack1.vcxproj”在节点 2 上(Build 个目标)。
     1>ClCompile:
         C:\Program Files (x86)\Microsoft Visual Studio 12.0\VC\bin\CL.exe /c /ZI /nologo /W3 /WX- /sdl /Od /Oy- /D _MBCS /Gm /EHsc /RTC1 /MDd /GS /fp:precise /Zc:wchar_t /Zc:forScope /Fo"Debug\\" /Fd"Debug\vc120.pdb" /Gd /TC /analyze- /errorReport:prompt seqstack.c
         seqstack.c
     1>f:\比特科技\seqstack1\seqstack1\seqstack.c(22): warning C4553: “==”: 运算符不起任何作用；是否是有意使用“=”的?
     1>f:\比特科技\seqstack1\seqstack1\seqstack.c(26): warning C4133: “=”: 从“linkStack *”到“likStack *”的类型不兼容
     1>f:\比特科技\seqstack1\seqstack1\seqstack.c(40): warning C4133: “=”: 从“likStack *”到“linkStack *”的类型不兼容
     1>f:\比特科技\seqstack1\seqstack1\seqstack.c(42): warning C4098: “linkStackPrint”:“void”函数返回值
     1>f:\比特科技\seqstack1\seqstack1\seqstack.c(56): warning C4133: “=”: 从“likStack *”到“linkStack *”的类型不兼容
     1>f:\比特科技\seqstack1\seqstack1\seqstack.c(63): warning C4033: “linkStackTop”必须返回值
     1>f:\比特科技\seqstack1\seqstack1\seqstack.c(82): warning C4133: “=”: 从“likStack *”到“linkStack *”的类型不兼容
     1>f:\比特科技\seqstack1\seqstack1\seqstack.c(87): warning C4553: “==”: 运算符不起任何作用；是否是有意使用“=”的?
     1>f:\比特科技\seqstack1\seqstack1\seqstack.c(67): warning C4715: “linkStackTop”: 不是所有的控件路径都返回值
       Link:
         C:\Program Files (x86)\Microsoft Visual Studio 12.0\VC\bin\link.exe /ERRORREPORT:PROMPT /OUT:"F:\比特科技\seqstack1\Debug\seqstack1.exe" /INCREMENTAL /NOLOGO kernel32.lib user32.lib gdi32.lib winspool.lib comdlg32.lib advapi32.lib shell32.lib ole32.lib oleaut32.lib uuid.lib odbc32.lib odbccp32.lib /MANIFEST /MANIFESTUAC:"level='asInvoker' uiAccess='false'" /manifest:embed /DEBUG /PDB:"F:\比特科技\seqstack1\Debug\seqstack1.pdb" /TLBID:1 /DYNAMICBASE /NXCOMPAT /IMPLIB:"F:\比特科技\seqstack1\Debug\seqstack1.lib" /MACHINE:X86 Debug\seqstack.obj
         Debug\test.obj
         seqstack1.vcxproj -> F:\比特科技\seqstack1\Debug\seqstack1.exe
     1>已完成生成项目“F:\比特科技\seqstack1\seqstack1\seqstack1.vcxproj”(Build 个目标)的操作。

生成成功。

已用时间 00:00:00.82
